<?xml version="1.0" encoding="UTF-8"?>
<testng-results ignored="0" total="1" passed="1" failed="0" skipped="0">
  <reporter-output>
  </reporter-output>
  <suite started-at="2024-08-30T12:32:45 IST" name="Default suite" finished-at="2024-08-30T12:32:53 IST" duration-ms="7360">
    <groups>
    </groups>
    <test started-at="2024-08-30T12:32:45 IST" name="Default test" finished-at="2024-08-30T12:32:53 IST" duration-ms="7360">
      <class name="PractiseProject.Test1">
        <test-method signature="Test11()[pri:0, instance:PractiseProject.Test1@7b2bbc3]" started-at="2024-08-30T12:32:46 IST" name="Test11" finished-at="2024-08-30T12:32:53 IST" duration-ms="7270" status="PASS">
          <reporter-output>
          </reporter-output>
        </test-method> <!-- Test11 -->
      </class> <!-- PractiseProject.Test1 -->
    </test> <!-- Default test -->
  </suite> <!-- Default suite -->
</testng-results>
