<?xml version="1.0" encoding="UTF-8"?>
<testng-results ignored="0" total="1" passed="1" failed="0" skipped="0">
  <reporter-output>
  </reporter-output>
  <suite started-at="2024-09-06T19:01:16 IST" name="Default suite" finished-at="2024-09-06T19:01:29 IST" duration-ms="12875">
    <groups>
    </groups>
    <test started-at="2024-09-06T19:01:16 IST" name="Default test" finished-at="2024-09-06T19:01:29 IST" duration-ms="12875">
      <class name="Amazon.Demo">
        <test-method signature="Test11()[pri:0, instance:Amazon.Demo@55141def]" started-at="2024-09-06T19:01:16 IST" name="Test11" finished-at="2024-09-06T19:01:29 IST" duration-ms="12745" status="PASS">
          <reporter-output>
          </reporter-output>
        </test-method> <!-- Test11 -->
      </class> <!-- Amazon.Demo -->
    </test> <!-- Default test -->
  </suite> <!-- Default suite -->
</testng-results>
